This is pdfTeX, Version 3.1415926-2.4-1.40.13 (TeX Live 2012) (format=pdflatex 2012.6.30)  24 MAY 2013 09:51
entering extended mode
 restricted \write18 enabled.
 %&-line parsing enabled.
**matR-change-log.
(./matR-change-log.Rtex
LaTeX2e <2011/06/27>
Babel <v3.8m> and hyphenation patterns for english, dumylang, nohyphenation, ge
rman-x-2012-05-30, ngerman-x-2012-05-30, afrikaans, ancientgreek, ibycus, arabi
c, armenian, basque, bulgarian, catalan, pinyin, coptic, croatian, czech, danis
h, dutch, ukenglish, usenglishmax, esperanto, estonian, ethiopic, farsi, finnis
h, french, friulan, galician, german, ngerman, swissgerman, monogreek, greek, h
ungarian, icelandic, assamese, bengali, gujarati, hindi, kannada, malayalam, ma
rathi, oriya, panjabi, tamil, telugu, indonesian, interlingua, irish, italian, 
kurmanji, latin, latvian, lithuanian, mongolian, mongolianlmc, bokmal, nynorsk,
 polish, portuguese, romanian, romansh, russian, sanskrit, serbian, serbianc, s
lovak, slovenian, spanish, swedish, turkish, turkmen, ukrainian, uppersorbian, 
welsh, loaded.
(/usr/local/texlive/2012/texmf-dist/tex/latex/base/article.cls
Document Class: article 2007/10/19 v1.4h Standard LaTeX document class
(/usr/local/texlive/2012/texmf-dist/tex/latex/base/size10.clo
File: size10.clo 2007/10/19 v1.4h Standard LaTeX file (size option)
)
\c@part=\count79
\c@section=\count80
\c@subsection=\count81
\c@subsubsection=\count82
\c@paragraph=\count83
\c@subparagraph=\count84
\c@figure=\count85
\c@table=\count86
\abovecaptionskip=\skip41
\belowcaptionskip=\skip42
\bibindent=\dimen102
)
(/usr/local/texlive/2012/texmf-dist/tex/latex/soul/soul.sty
Package: soul 2003/11/17 v2.4 letterspacing/underlining (mf)
\SOUL@word=\toks14
\SOUL@lasttoken=\toks15
\SOUL@cmds=\toks16
\SOUL@buffer=\toks17
\SOUL@token=\toks18
\SOUL@spaceskip=\skip43
\SOUL@ttwidth=\dimen103
\SOUL@uldp=\dimen104
\SOUL@ulht=\dimen105
)
No file matR-change-log.aux.
\openout1 = `matR-change-log.aux'.

LaTeX Font Info:    Checking defaults for OML/cmm/m/it on input line 9.
LaTeX Font Info:    ... okay on input line 9.
LaTeX Font Info:    Checking defaults for T1/cmr/m/n on input line 9.
LaTeX Font Info:    ... okay on input line 9.
LaTeX Font Info:    Checking defaults for OT1/cmr/m/n on input line 9.
LaTeX Font Info:    ... okay on input line 9.
LaTeX Font Info:    Checking defaults for OMS/cmsy/m/n on input line 9.
LaTeX Font Info:    ... okay on input line 9.
LaTeX Font Info:    Checking defaults for OMX/cmex/m/n on input line 9.
LaTeX Font Info:    ... okay on input line 9.
LaTeX Font Info:    Checking defaults for U/cmr/m/n on input line 9.
LaTeX Font Info:    ... okay on input line 9.

Overfull \hbox (8.77478pt too wide) in paragraph at lines 20--21
[][]\OT1/cmtt/m/n/10 > [][]p [][]<[]- [][]pco("4441679.3 [][]4441680.3 [][]4441
696.3 [][]4440463.3 [][]4440464.3", [][]main="my
 []


Overfull \hbox (53.99652pt too wide) in paragraph at lines 22--27
\OT1/cmtt/m/n/10 randomize(x, n=1, method = c("sample", "dataset", "complete"),
 FUN=identity) 
 []


Overfull \hbox (1.05534pt too wide) in paragraph at lines 42--43
\OT1/cmr/m/n/10 For auth keys and other ses-sion con-fig-u-ra-tion, use: \OT1/c
mtt/m/n/10 msession \OT1/cmr/m/n/10 (for-merly \OT1/cmtt/m/n/10 mconfig\OT1/cmr
/m/n/10 ) 
 []

[1

{/usr/local/texlive/2012/texmf-var/fonts/map/pdftex/updmap/pdftex.map}]
Overfull \hbox (53.99652pt too wide) in paragraph at lines 52--55
\OT1/cmtt/m/n/10 https://github.com/MG-RAST/matR/raw/master/inst/doc/matR-quick
-reference.pdf 
 []


Overfull \hbox (27.74675pt too wide) in paragraph at lines 63--66
\OT1/cmtt/m/n/10 https://github.com/MG-RAST/matR/raw/master/inst/doc/matR-chang
e-log.pdf 
 []

[2] (./matR-change-log.aux) ) 
Here is how much of TeX's memory you used:
 379 strings out of 493488
 4396 string characters out of 3141326
 58253 words of memory out of 3000000
 3763 multiletter control sequences out of 15000+200000
 4726 words of font info for 18 fonts, out of 3000000 for 9000
 957 hyphenation exceptions out of 8191
 23i,4n,17p,172b,272s stack positions out of 5000i,500n,10000p,200000b,50000s
</usr/local/texlive/2012/texmf-dist/fonts/type1/pu
blic/amsfonts/cm/cmbx12.pfb></usr/local/texlive/2012/texmf-dist/fonts/type1/pub
lic/amsfonts/cm/cmr10.pfb></usr/local/texlive/2012/texmf-dist/fonts/type1/publi
c/amsfonts/cm/cmtt10.pfb>
Output written on matR-change-log.pdf (2 pages, 52136 bytes).
PDF statistics:
 23 PDF objects out of 1000 (max. 8388607)
 15 compressed objects within 1 object stream
 0 named destinations out of 1000 (max. 500000)
 1 words of extra memory for PDF output out of 10000 (max. 10000000)

